<?xml version="1.0" encoding="UTF-8"?>
<testsuite name="com.example.demo.tests" tests="3" skipped="0" failures="0" errors="0" timestamp="2022-10-31T05:52:07" hostname="DESKTOP-1D3QBD1" time="0.025">
  <properties/>
  <testcase name="testHomeController()" classname="com.example.demo.tests" time="0.022"/>
  <testcase name="testHomeController2()" classname="com.example.demo.tests" time="0.001"/>
  <testcase name="testHomeController3()" classname="com.example.demo.tests" time="0.001"/>
  <system-out><![CDATA[]]></system-out>
  <system-err><![CDATA[]]></system-err>
</testsuite>
